<?xml version="1.0" encoding="UTF-8" ?>
<testsuite tests="1" failures="0" name="org.lompo.softwares.DataModelTest" time="0.087" errors="0" skipped="0">
  <properties>
    <property name="java.runtime.name" value="Java(TM) SE Runtime Environment"/>
    <property name="sun.boot.library.path" value="C:\Program Files\Java\jdk1.8.0_25\jre\bin"/>
    <property name="java.vm.version" value="25.25-b02"/>
    <property name="java.vm.vendor" value="Oracle Corporation"/>
    <property name="java.vendor.url" value="http://java.oracle.com/"/>
    <property name="path.separator" value=";"/>
    <property name="guice.disable.misplaced.annotation.check" value="true"/>
    <property name="java.vm.name" value="Java HotSpot(TM) 64-Bit Server VM"/>
    <property name="file.encoding.pkg" value="sun.io"/>
    <property name="user.script" value=""/>
    <property name="user.country" value="FR"/>
    <property name="sun.java.launcher" value="SUN_STANDARD"/>
    <property name="sun.os.patch.level" value="Service Pack 1"/>
    <property name="java.vm.specification.name" value="Java Virtual Machine Specification"/>
    <property name="user.dir" value="C:\Hypernovae\Technical\Labs\knockoutjsLab\knock-it-out-lab"/>
    <property name="java.runtime.version" value="1.8.0_25-b18"/>
    <property name="java.awt.graphicsenv" value="sun.awt.Win32GraphicsEnvironment"/>
    <property name="java.endorsed.dirs" value="C:\Program Files\Java\jdk1.8.0_25\jre\lib\endorsed"/>
    <property name="os.arch" value="amd64"/>
    <property name="java.io.tmpdir" value="C:\Users\LOMPO\AppData\Local\Temp\"/>
    <property name="line.separator" value="
"/>
    <property name="java.vm.specification.vendor" value="Oracle Corporation"/>
    <property name="user.variant" value=""/>
    <property name="os.name" value="Windows 7"/>
    <property name="classworlds.conf" value="C:\Hypernovae\Technical\Frameworks\Maven\3.0.4\apache-maven-3.0.4\bin\m2.conf"/>
    <property name="sun.jnu.encoding" value="Cp1252"/>
    <property name="java.library.path" value="C:\Program Files\Java\jdk1.8.0_25\bin;C:\Windows\Sun\Java\bin;C:\Windows\system32;C:\Windows;C:\ProgramData\Oracle\Java\javapath;C:\Program Files (x86)\Borland\Delphi7\Bin;C:\Program Files (x86)\Borland\Delphi7\Projects\Bpl\;C:\Program Files (x86)\Common Files\Symbian\Tools;C:\Program Files\Common Files\Microsoft Shared\Windows Live;C:\Program Files (x86)\Common Files\Microsoft Shared\Windows Live;C:\Program Files (x86)\NVIDIA Corporation\PhysX\Common;C:\Windows\system32;C:\Windows;C:\Windows\System32\Wbem;C:\Windows\System32\WindowsPowerShell\v1.0\;C:\Program Files (x86)\Sony\VAIO Startup Setting Tool;C:\Program Files (x86)\Windows Live\Shared;C:\Program Files\Java\jdk1.8.0_25\bin;C:\Hypernovae\Technical\Frameworks\Maven\3.0.4\apache-maven-3.0.4\bin;C:\Hypernovae\Technical\Frameworks\Sonar\sonar-2.14\sonar-2.14\bin\windows-x86-64;&quot;C:\Hypernovae\Technical\Frameworks\Sonar\sonar-2.14\sonar-2.14\bin\windows-x86-64&quot;;&quot;C:\Hypernovae\Technical\Tools&quot;;C:\Program Files (x86)\OpenLDAP\kfw\Binary;C:\Program Files\TortoiseSVN\bin;C:\Hypernovae\Technical\Frameworks\Ant\apache-ant-1.8.4-bin\apache-ant-1.8.4\bin;c:\Program Files (x86)\Microsoft SQL Server\100\Tools\Binn\;c:\Program Files\Microsoft SQL Server\100\Tools\Binn\;c:\Program Files\Microsoft SQL Server\100\DTS\Binn\;C:\Program Files (x86)\Microsoft ASP.NET\ASP.NET Web Pages\v1.0\;C:\Program Files (x86)\Windows Kits\8.0\Windows Performance Toolkit\;C:\Program Files\Microsoft SQL Server\110\Tools\Binn\;C:\Program Files\Common Files\Autodesk Shared\;C:\Program Files (x86)\Autodesk\Backburner\;C:\Hypernovae\installed\jboss\bin;C:\Program Files\TortoiseGit\bin;C:\Program Files\Microsoft\Web Platform Installer\;C:\Program Files\nodejs\;C:\Program Files\Java\jdk1.8.0_25;C:\Hypernovae\Technical\Frameworks\Gradle\installed\bin;C:\Program Files (x86)\Groovy\Groovy-2.3.6\bin;C:\Program Files\cURL\bin;C:\Program Files\cURL;C:\Program Files\cURL\bin;C:\Hypernovae\Technical\Frameworks\ElasticSearch\elasticsearch-1.3.2\elasticsearch-1.3.2;C:\Hypernovae\Technical\Frameworks\ElasticSearch\elasticsearch-1.3.2\elasticsearch-1.3.2\bin;C:\Program Files (x86)\OpenLDAP;C:\Program Files (x86)\OpenLDAP\clientTools;C:\Hypernovae\Technical\Frameworks\GWT\gwt-2.6.1;C:\Program Files\Java\jdk1.8.0_25\bin;C:\Program Files (x86)\Git\cmd;C:\Program Files (x86)\LINQPad4;C:\Hypernovae\Technical\Frameworks\ANTLR\;C:\Hypernovae\Tools\antlr_launchers;C:\Program Files (x86)\Skype\Phone\;C:\xampp\php;C:\ProgramData\ComposerSetup\bin;C:\Users\LOMPO\AppData\Roaming\Composer\vendor\bin;C:\Hypernovae\Technical\Tools\Composer;C:\ProgramData\Oracle\Java\javapath;C:\Program Files (x86)\Borland\Delphi7\Bin;C:\Program Files (x86)\Borland\Delphi7\Projects\Bpl\;C:\Program Files (x86)\Common Files\Symbian\Tools;C:\Program Files\Common Files\Microsoft Shared\Windows Live;C:\Program Files (x86)\Common Files\Microsoft Shared\Windows Live;C:\Program Files (x86)\NVIDIA Corporation\PhysX\Common;C:\Windows\system32;C:\Windows;C:\Windows\System32\Wbem;C:\Windows\System32\WindowsPowerShell\v1.0\;C:\Program Files (x86)\Sony\VAIO Startup Setting Tool;C:\Program Files (x86)\Windows Live\Shared;C:\Program Files\Java\jdk1.8.0_25\bin;C:\Hypernovae\Technical\Frameworks\Maven\3.0.4\apache-maven-3.0.4\bin;C:\Hypernovae\Technical\Frameworks\Sonar\sonar-2.14\sonar-2.14\bin\windows-x86-64;&quot;C:\Hypernovae\Technical\Frameworks\Sonar\sonar-2.14\sonar-2.14\bin\windows-x86-64&quot;;&quot;C:\Hypernovae\Technical\Tools&quot;;C:\Program Files (x86)\OpenLDAP\kfw\Binary;C:\Program Files\TortoiseSVN\bin;C:\Hypernovae\Technical\Frameworks\Ant\apache-ant-1.8.4-bin\apache-ant-1.8.4\bin;c:\Program Files (x86)\Microsoft SQL Server\100\Tools\Binn\;c:\Program Files\Microsoft SQL Server\100\Tools\Binn\;c:\Program Files\Microsoft SQL Server\100\DTS\Binn\;C:\Program Files (x86)\Microsoft ASP.NET\ASP.NET Web Pages\v1.0\;C:\Program Files (x86)\Windows Kits\8.0\Windows Performance Toolkit\;C:\Program Files\Microsoft SQL Server\110\Tools\Binn\;C:\Program Files\Common Files\Autodesk Shared\;C:\Program Files (x86)\Autodesk\Backburner\;C:\Hypernovae\installed\jboss\bin;C:\Program Files\TortoiseGit\bin;C:\Program Files\Microsoft\Web Platform Installer\;C:\Program Files\nodejs\;C:\Program Files\Java\jdk1.8.0_25;C:\Hypernovae\Technical\Frameworks\Gradle\installed\bin;C:\Program Files (x86)\Groovy\Groovy-2.3.6\bin;C:\Program Files\cURL\bin;C:\Program Files\cURL;C:\Hypernovae\Technical\Frameworks\ElasticSearch\elasticsearch-1.3.2\elasticsearch-1.3.2;C:\Hypernovae\Technical\Frameworks\ElasticSearch\elasticsearch-1.3.2\elasticsearch-1.3.2\bin;C:\Program Files (x86)\OpenLDAP;C:\Program Files (x86)\OpenLDAP\clientTools;C:\Hypernovae\Technical\Frameworks\GWT\gwt-2.6.1;C:\Program Files (x86)\Git\cmd;C:\Program Files (x86)\LINQPad4;C:\Hypernovae\Technical\Frameworks\ANTLR\;C:\Hypernovae\Tools\antlr_launchers;C:\Program Files (x86)\Skype\Phone\;C:\xampp\php;C:\ProgramData\ComposerSetup\bin;C:\Users\LOMPO\AppData\Roaming\Composer\vendor\bin;C:\Hypernovae\Technical\Tools\Composer;C:\Users\LOMPO\AppData\Roaming\npm;C:\Users\LOMPO\AppData\Local\Spoon\Cmd;C:\Program Files\Boot2Docker for Windows;."/>
    <property name="java.specification.name" value="Java Platform API Specification"/>
    <property name="java.class.version" value="52.0"/>
    <property name="sun.management.compiler" value="HotSpot 64-Bit Tiered Compilers"/>
    <property name="os.version" value="6.1"/>
    <property name="user.home" value="C:\Users\LOMPO"/>
    <property name="user.timezone" value="Africa/Luanda"/>
    <property name="java.awt.printerjob" value="sun.awt.windows.WPrinterJob"/>
    <property name="java.specification.version" value="1.8"/>
    <property name="file.encoding" value="Cp1252"/>
    <property name="user.name" value="LOMPO"/>
    <property name="java.class.path" value="C:\Hypernovae\Technical\Frameworks\Maven\3.0.4\apache-maven-3.0.4\boot\plexus-classworlds-2.4.jar"/>
    <property name="java.vm.specification.version" value="1.8"/>
    <property name="sun.arch.data.model" value="64"/>
    <property name="java.home" value="C:\Program Files\Java\jdk1.8.0_25\jre"/>
    <property name="sun.java.command" value="org.codehaus.plexus.classworlds.launcher.Launcher clean install"/>
    <property name="java.specification.vendor" value="Oracle Corporation"/>
    <property name="user.language" value="fr"/>
    <property name="awt.toolkit" value="sun.awt.windows.WToolkit"/>
    <property name="java.vm.info" value="mixed mode"/>
    <property name="java.version" value="1.8.0_25"/>
    <property name="java.ext.dirs" value="C:\Program Files\Java\jdk1.8.0_25\jre\lib\ext;C:\Windows\Sun\Java\lib\ext"/>
    <property name="sun.boot.class.path" value="C:\Program Files\Java\jdk1.8.0_25\jre\lib\resources.jar;C:\Program Files\Java\jdk1.8.0_25\jre\lib\rt.jar;C:\Program Files\Java\jdk1.8.0_25\jre\lib\sunrsasign.jar;C:\Program Files\Java\jdk1.8.0_25\jre\lib\jsse.jar;C:\Program Files\Java\jdk1.8.0_25\jre\lib\jce.jar;C:\Program Files\Java\jdk1.8.0_25\jre\lib\charsets.jar;C:\Program Files\Java\jdk1.8.0_25\jre\lib\jfr.jar;C:\Program Files\Java\jdk1.8.0_25\jre\classes"/>
    <property name="sun.stderr.encoding" value="cp850"/>
    <property name="java.vendor" value="Oracle Corporation"/>
    <property name="maven.home" value="C:\Hypernovae\Technical\Frameworks\Maven\3.0.4\apache-maven-3.0.4"/>
    <property name="file.separator" value="\"/>
    <property name="java.vendor.url.bug" value="http://bugreport.sun.com/bugreport/"/>
    <property name="sun.cpu.endian" value="little"/>
    <property name="sun.io.unicode.encoding" value="UnicodeLittle"/>
    <property name="sun.stdout.encoding" value="cp850"/>
    <property name="sun.desktop" value="windows"/>
    <property name="sun.cpu.isalist" value="amd64"/>
  </properties>
  <testcase classname="org.lompo.softwares.DataModelTest" name="areHelloWorldTwoWords" time="0.087"/>
</testsuite>