<?xml version="1.0" encoding="UTF-8"?>
<!-- Generated by org.testng.reporters.JUnitReportReporter -->
<testsuite hostname="LOMPO-VAIO" name="org.lompo.softwares.js.JsInteractionTest" tests="1" failures="0" timestamp="6 Jun 2015 15:58:08 GMT" time="2.099" errors="0">
  <testcase name="testCallbackFromJavaScript" time="2.099" classname="org.lompo.softwares.js.JsInteractionTest"/>
</testsuite> <!-- org.lompo.softwares.js.JsInteractionTest -->
