<?xml version="1.0" encoding="UTF-8"?>
<!-- Generated by org.testng.reporters.JUnitReportReporter -->
<testsuite hostname="LOMPO-VAIO" name="org.lompo.softwares.DataModelTest" tests="1" failures="0" timestamp="6 Jun 2015 15:58:19 GMT" time="0.091" errors="0">
  <testcase name="areHelloWorldTwoWords" time="0.091" classname="org.lompo.softwares.DataModelTest"/>
</testsuite> <!-- org.lompo.softwares.DataModelTest -->
